<?xml version="1.0" encoding="UTF-8"?>
<!-- Generated by org.testng.reporters.JUnitReportReporter -->
<testsuite hostname="IBM-PF2PQRMP" failures="0" tests="1" name="testCases.program4" time="0.001" errors="0" timestamp="2023-07-06T23:33:09 IST" skipped="0">
  <testcase classname="testCases.program4" name="add" time="0.001"/>
</testsuite> <!-- testCases.program4 -->
