<?xml version="1.0" encoding="UTF-8"?>
<!-- Generated by org.testng.reporters.JUnitReportReporter -->
<testsuite hostname="IBM-PF2PQRMP" failures="0" tests="1" name="testCases.program1" time="0.006" errors="0" timestamp="2023-07-06T23:33:09 IST" skipped="0">
  <testcase classname="testCases.program1" name="add" time="0.006"/>
</testsuite> <!-- testCases.program1 -->
